Exception at PC 0x000007FEFDC0A06D
Exception at PC 0x000007FEFDC0A06D
Unable to capture context for thread 7376 in process 10984, can not generate back trace
Unable to capture context for thread 11544 in process 10984, can not generate back trace
Exception at PC 0x000007FEFDC0A06D
Exception at PC 0x000007FEFDC0A06D
Exception at PC 0x000007FEFDC0A06D
Unable to capture context for thread 10840 in process 10984, can not generate back trace
Unable to capture context for thread 12092 in process 10984, can not generate back trace
Exception at PC 0x000007FEB21EBB93
Printing stacktrace...

Exception at PC 0x000007FEFDC0A06D
Exception at PC 0x000007FEFDC0A06D
Exception at PC 0x000007FEFDC0A06D
Exception at PC 0x000007FEFDC0A06D
Exception at PC 0x000007FEFDC0A06D
Exception at PC 0x000007FEFDC0A06D
Exception at PC 0x000007FEFDC0A06D
Exception at PC 0x000007FEFDC0A06D
Exception at PC 0x000007FEFDC0A06D
Exception at PC 0x000007FEFDC0A06D
Exception at PC 0x000007FEFDC0A06D
Exception at PC 0x000007FEFDC0A06D
Exception at PC 0x000007FEFDC0A06D
[0]  [0x000007FEB21EBB93]
[1]  [0x000007FEB21EBB93]
[2]  [0x000007FEB21EB4A1]
[3]  [0x000007FEB21EB3EF]
[4]  [0x000007FEB21D19FE]
[5]  [0x000007FEB21D0ED1]
[6]  [0x000007FEB21D0D76]
[7]  [0x000007FEB21779F6]
[8]  [0x000007FEB2167AFB]
[9]  [0x000007FEB228E90A]
[10]  [0x000007FEB22A9F87]
[11]  [0x000007FEB22AA05F]
[12] (BaseThreadInitThunk+0xd) [0x00000000779459CD]
[13] (RtlUserThreadStart+0x21) [0x0000000077A7A561]
Done
